<?xml version="1.0" encoding="UTF-8" ?>
<testsuite errors="0" failures="0" hostname="momo" name="com.flatironschool.javacs.ListClientExampleTest" skipped="0" tests="1" time="0.069" timestamp="2016-03-24T23:45:35">
  <properties>
    <property name="java.vendor" value="Oracle Corporation" />
    <property name="env.SYSTEMROOT" value="C:\WINDOWS" />
    <property name="env.USERDOMAIN_ROAMINGPROFILE" value="MOMO" />
    <property name="sun.java.launcher" value="SUN_STANDARD" />
    <property name="sun.management.compiler" value="HotSpot Client Compiler" />
    <property name="env.PROMPT" value="$P$G" />
    <property name="env.LESSCHARSET" value="utf-8" />
    <property name="os.name" value="Windows 10" />
    <property name="env.HISTFILE" value="c:/Users/Jennifer/.bash_history" />
    <property name="env.FP_NO_HOST_CHECK" value="NO" />
    <property name="sun.boot.class.path" value="C:\Program Files (x86)\Java\jdk1.8.0_74\jre\lib\resources.jar;C:\Program Files (x86)\Java\jdk1.8.0_74\jre\lib\rt.jar;C:\Program Files (x86)\Java\jdk1.8.0_74\jre\lib\sunrsasign.jar;C:\Program Files (x86)\Java\jdk1.8.0_74\jre\lib\jsse.jar;C:\Program Files (x86)\Java\jdk1.8.0_74\jre\lib\jce.jar;C:\Program Files (x86)\Java\jdk1.8.0_74\jre\lib\charsets.jar;C:\Program Files (x86)\Java\jdk1.8.0_74\jre\lib\jfr.jar;C:\Program Files (x86)\Java\jdk1.8.0_74\jre\classes" />
    <property name="env.COMPUTERNAME" value="MOMO" />
    <property name="env.PWD" value="c:/Sites/cs-swapping-implementations-lab-codeU" />
    <property name="env.MAKE_MODE" value="unix" />
    <property name="env.ALLUSERSPROFILE" value="C:\ProgramData" />
    <property name="sun.desktop" value="windows" />
    <property name="env.LESS" value="-FRSX" />
    <property name="java.vm.specification.vendor" value="Oracle Corporation" />
    <property name="ant.home" value="C:\Program Files\Ant\apache-ant-1.9.6" />
    <property name="java.runtime.version" value="1.8.0_74-b02" />
    <property name="env.HOMEPATH" value="\Users\Jennifer" />
    <property name="user.name" value="Jennifer" />
    <property name="env._" value="c:/RailsInstaller/Ruby2.2.0/bin/learn-test" />
    <property name="env.USER" value="Jennifer" />
    <property name="env.GNUPGHOME" value="c:/Users/Jennifer/.gnupg" />
    <property name="env.MSYSTEM" value="MINGW32" />
    <property name="env.PATH" value="c:\Users\Jennifer\bin;.;C:\RailsInstaller\Git\local\bin;C:\RailsInstaller\Git\mingw\bin;C:\RailsInstaller\Git\bin;c:\ProgramData\Oracle\Java\javapath;c:\Program Files (x86)\Intel\iCLS Client\;c:\Program Files\Intel\iCLS Client\;c:\Windows\system32;c:\Windows;c:\Windows\System32\Wbem;c:\Windows\System32\WindowsPowerShell\v1.0\;c:\Program Files\Intel\Intel(R) Management Engine Components\DAL;c:\Program Files\Intel\Intel(R) Management Engine Components\IPT;c:\Program Files (x86)\Intel\Intel(R) Management Engine Components\DAL;c:\Program Files (x86)\Intel\Intel(R) Management Engine Components\IPT;c:\Program Files (x86)\Acer\abFiles\;c:\WINDOWS\system32;c:\WINDOWS;c:\WINDOWS\System32\Wbem;c:\WINDOWS\System32\WindowsPowerShell\v1.0\;c:\Program Files (x86)\Windows Live\Shared;c:\Program Files (x86)\Windows Kits\8.1\Windows Performance Toolkit\;c:\Program Files\Microsoft SQL Server\110\Tools\Binn\;c:\Program Files (x86)\Microsoft SDKs\TypeScript\1.0\;c:\Program Files\Microsoft SQL Server\120\Tools\Binn\;c:\Program Files (x86)\Skype\Phone\;C:\RailsInstaller\Git\cmd;c:\RailsInstaller\Ruby2.2.0\bin;c:\Program Files\Ant\apache-ant-1.9.6\bin;c:\Users\Jennifer\AppData\Local\atom\bin;." />
    <property name="user.language" value="en" />
    <property name="env.WINDIR" value="C:\WINDOWS" />
    <property name="sun.boot.library.path" value="C:\Program Files (x86)\Java\jdk1.8.0_74\jre\bin" />
    <property name="ant.project.default-target" value="build" />
    <property name="ant.project.name" value="JavaCS" />
    <property name="java.version" value="1.8.0_74" />
    <property name="env.PROCESSOR_IDENTIFIER" value="Intel64 Family 6 Model 69 Stepping 1, GenuineIntel" />
    <property name="user.timezone" value="" />
    <property name="env.TEMP" value="C:/Users/Jennifer/AppData/Local/Temp" />
    <property name="sun.arch.data.model" value="32" />
    <property name="env.!::" value="::\" />
    <property name="java.endorsed.dirs" value="C:\Program Files (x86)\Java\jdk1.8.0_74\jre\lib\endorsed" />
    <property name="env.PROCESSOR_ARCHITEW6432" value="AMD64" />
    <property name="env._JAVACMD" value="C:\Program Files (x86)\Java\jdk1.8.0_74\bin\java.exe" />
    <property name="sun.cpu.isalist" value="pentium_pro+mmx pentium_pro pentium+mmx pentium i486 i386 i86" />
    <property name="env.HOMEDRIVE" value="C:" />
    <property name="sun.jnu.encoding" value="Cp1252" />
    <property name="file.encoding.pkg" value="sun.io" />
    <property name="env.VS110COMNTOOLS" value="C:\Program Files (x86)\Microsoft Visual Studio 11.0\Common7\Tools\" />
    <property name="env.SHLVL" value="1" />
    <property name="env.SYSTEMDRIVE" value="C:" />
    <property name="file.separator" value="\" />
    <property name="java.specification.name" value="Java Platform API Specification" />
    <property name="java.class.version" value="52.0" />
    <property name="user.country" value="US" />
    <property name="ant.file.JavaCS" value="c:\Sites\cs-swapping-implementations-lab-codeU\javacs-lab01\build.xml" />
    <property name="java.home" value="C:\Program Files (x86)\Java\jdk1.8.0_74\jre" />
    <property name="env.APPDATA" value="C:\Users\Jennifer\AppData\Roaming" />
    <property name="env.PUBLIC" value="C:\Users\Public" />
    <property name="java.vm.info" value="mixed mode, sharing" />
    <property name="env.OS" value="Windows_NT" />
    <property name="env.LOGNAME" value="Jennifer" />
    <property name="ant.file" value="c:\Sites\cs-swapping-implementations-lab-codeU\javacs-lab01\build.xml" />
    <property name="os.version" value="10.0" />
    <property name="env._USE_CLASSPATH" value="no" />
    <property name="path.separator" value=";" />
    <property name="java.vm.version" value="25.74-b02" />
    <property name="env.ASL.LOG" value="Destination=file" />
    <property name="env.USERPROFILE" value="C:\Users\Jennifer" />
    <property name="user.variant" value="" />
    <property name="ant.library.dir" value="C:\Program Files\Ant\apache-ant-1.9.6\lib" />
    <property name="junit.output.dir" value="junit" />
    <property name="env.SSL_CERT_FILE" value="C:\RailsInstaller\cacert.pem" />
    <property name="env.JAVA_HOME" value="C:\Program Files (x86)\Java\jdk1.8.0_74" />
    <property name="env.TERM" value="cygwin" />
    <property name="java.awt.printerjob" value="sun.awt.windows.WPrinterJob" />
    <property name="env.PROGRAMFILES" value="C:\Program Files (x86)" />
    <property name="env.TMP" value="C:/Users/Jennifer/AppData/Local/Temp" />
    <property name="env.FPS_BROWSER_USER_PROFILE_STRING" value="Default" />
    <property name="sun.io.unicode.encoding" value="UnicodeLittle" />
    <property name="awt.toolkit" value="sun.awt.windows.WToolkit" />
    <property name="sun.stdout.encoding" value="cp437" />
    <property name="user.script" value="" />
    <property name="user.home" value="C:\Users\Jennifer" />
    <property name="target" value="1.6" />
    <property name="env.COMMONPROGRAMFILES" value="C:\Program Files (x86)\Common Files" />
    <property name="env.SESSIONNAME" value="Console" />
    <property name="env.OLDPWD" value="c:/Sites" />
    <property name="java.specification.vendor" value="Oracle Corporation" />
    <property name="java.library.path" value="C:\Program Files (x86)\Java\jdk1.8.0_74\jre\bin;C:\WINDOWS\Sun\Java\bin;C:\WINDOWS\system32;C:\WINDOWS;c:\Users\Jennifer\bin;.;C:\RailsInstaller\Git\local\bin;C:\RailsInstaller\Git\mingw\bin;C:\RailsInstaller\Git\bin;c:\ProgramData\Oracle\Java\javapath;c:\Program Files (x86)\Intel\iCLS Client\;c:\Program Files\Intel\iCLS Client\;c:\Windows\system32;c:\Windows;c:\Windows\System32\Wbem;c:\Windows\System32\WindowsPowerShell\v1.0\;c:\Program Files\Intel\Intel(R) Management Engine Components\DAL;c:\Program Files\Intel\Intel(R) Management Engine Components\IPT;c:\Program Files (x86)\Intel\Intel(R) Management Engine Components\DAL;c:\Program Files (x86)\Intel\Intel(R) Management Engine Components\IPT;c:\Program Files (x86)\Acer\abFiles\;c:\WINDOWS\system32;c:\WINDOWS;c:\WINDOWS\System32\Wbem;c:\WINDOWS\System32\WindowsPowerShell\v1.0\;c:\Program Files (x86)\Windows Live\Shared;c:\Program Files (x86)\Windows Kits\8.1\Windows Performance Toolkit\;c:\Program Files\Microsoft SQL Server\110\Tools\Binn\;c:\Program Files (x86)\Microsoft SDKs\TypeScript\1.0\;c:\Program Files\Microsoft SQL Server\120\Tools\Binn\;c:\Program Files (x86)\Skype\Phone\;C:\RailsInstaller\Git\cmd;c:\RailsInstaller\Ruby2.2.0\bin;c:\Program Files\Ant\apache-ant-1.9.6\bin;c:\Users\Jennifer\AppData\Local\atom\bin;.;." />
    <property name="env.NUMBER_OF_PROCESSORS" value="4" />
    <property name="java.vendor.url" value="http://java.oracle.com/" />
    <property name="env.PSMODULEPATH" value="C:\WINDOWS\system32\WindowsPowerShell\v1.0\Modules\" />
    <property name="env.COMMONPROGRAMFILES(X86)" value="C:\Program Files (x86)\Common Files" />
    <property name="java.vm.vendor" value="Oracle Corporation" />
    <property name="java.runtime.name" value="Java(TM) SE Runtime Environment" />
    <property name="ant.version" value="Apache Ant(TM) version 1.9.6 compiled on June 29 2015" />
    <property name="java.class.path" value="c:\Sites\cs-swapping-implementations-lab-codeU\javacs-lab01\bin;c:\Sites\cs-swapping-implementations-lab-codeU\javacs-lab01\lib\junit-4.12.jar;c:\Sites\cs-swapping-implementations-lab-codeU\javacs-lab01\lib\hamcrest-core-1.3.jar;C:\Program Files\Ant\apache-ant-1.9.6\lib\ant-launcher.jar;C:\Program Files\Ant\apache-ant-1.9.6\lib\ant.jar;C:\Program Files\Ant\apache-ant-1.9.6\lib\ant-junit.jar;C:\Program Files\Ant\apache-ant-1.9.6\lib\ant-junit4.jar" />
    <property name="sun.java.command" value="org.apache.tools.ant.taskdefs.optional.junit.JUnitTestRunner com.flatironschool.javacs.ListClientExampleTest skipNonTests=false filtertrace=true haltOnError=false haltOnFailure=false formatter=org.apache.tools.ant.taskdefs.optional.junit.OutErrSummaryJUnitResultFormatter showoutput=false outputtoformatters=true logfailedtests=true threadid=0 logtestlistenerevents=false formatter=org.apache.tools.ant.taskdefs.optional.junit.XMLJUnitResultFormatter,c:\Sites\cs-swapping-implementations-lab-codeU\javacs-lab01\junit\TEST-com.flatironschool.javacs.ListClientExampleTest.xml formatter=org.apache.tools.ant.taskdefs.optional.junit.PlainJUnitResultFormatter crashfile=c:\Sites\cs-swapping-implementations-lab-codeU\javacs-lab01\junitvmwatcher8530197453402015447.properties propsfile=c:\Sites\cs-swapping-implementations-lab-codeU\javacs-lab01\junit6043047085224527280.properties" />
    <property name="env.PROGRAMW6432" value="C:\Program Files" />
    <property name="env.PROGRAMFILES(X86)" value="C:\Program Files (x86)" />
    <property name="ant.file.type.JavaCS" value="file" />
    <property name="java.vm.specification.name" value="Java Virtual Machine Specification" />
    <property name="ant.file.type" value="file" />
    <property name="env.LOGONSERVER" value="\\MicrosoftAccount" />
    <property name="java.vm.specification.version" value="1.8" />
    <property name="env.PROCESSOR_ARCHITECTURE" value="x86" />
    <property name="env.COMMONPROGRAMW6432" value="C:\Program Files\Common Files" />
    <property name="sun.cpu.endian" value="little" />
    <property name="sun.os.patch.level" value="" />
    <property name="debuglevel" value="source,lines,vars" />
    <property name="env.HOME" value="c:/Users/Jennifer" />
    <property name="env.ANT_HOME" value="C:\Program Files\Ant\apache-ant-1.9.6" />
    <property name="java.io.tmpdir" value="C:\Users\Jennifer\AppData\Local\Temp\" />
    <property name="env.PROCESSOR_REVISION" value="4501" />
    <property name="env.VS120COMNTOOLS" value="C:\Program Files (x86)\Microsoft Visual Studio 12.0\Common7\Tools\" />
    <property name="java.vendor.url.bug" value="http://bugreport.sun.com/bugreport/" />
    <property name="env.PROGRAMDATA" value="C:\ProgramData" />
    <property name="env.COMSPEC" value="C:\WINDOWS\system32\cmd.exe" />
    <property name="env.FPS_BROWSER_APP_PROFILE_STRING" value="Internet Explorer" />
    <property name="java.awt.graphicsenv" value="sun.awt.Win32GraphicsEnvironment" />
    <property name="os.arch" value="x86" />
    <property name="env.ANT_CMD_LINE_ARGS" value=" test -buildfile javacs-lab01/build.xml" />
    <property name="env.PLINK_PROTOCOL" value="ssh" />
    <property name="java.ext.dirs" value="C:\Program Files (x86)\Java\jdk1.8.0_74\jre\lib\ext;C:\WINDOWS\Sun\Java\lib\ext" />
    <property name="env.LOCALAPPDATA" value="C:\Users\Jennifer\AppData\Local" />
    <property name="user.dir" value="c:\Sites\cs-swapping-implementations-lab-codeU" />
    <property name="env.INPUTRC" value="C:/RailsInstaller/Git/etc/inputrc" />
    <property name="line.separator" value="&#xd;&#xa;" />
    <property name="java.vm.name" value="Java HotSpot(TM) Client VM" />
    <property name="env.PATHEXT" value=".COM;.EXE;.BAT;.CMD;.VBS;.VBE;.JS;.JSE;.WSF;.WSH;.MSC" />
    <property name="basedir" value="c:\Sites\cs-swapping-implementations-lab-codeU\javacs-lab01" />
    <property name="ant.java.version" value="1.8" />
    <property name="ant.core.lib" value="C:\Program Files\Ant\apache-ant-1.9.6\lib\ant.jar" />
    <property name="env.USERNAME" value="Jennifer" />
    <property name="source" value="1.6" />
    <property name="file.encoding" value="Cp1252" />
    <property name="sun.stderr.encoding" value="cp437" />
    <property name="env.USERDOMAIN" value="MOMO" />
    <property name="java.specification.version" value="1.8" />
    <property name="env.=C:" value="c:\Sites\cs-swapping-implementations-lab-codeU" />
    <property name="ant.project.invoked-targets" value="test" />
    <property name="env.PROCESSOR_LEVEL" value="6" />
  </properties>
  <testcase classname="com.flatironschool.javacs.ListClientExampleTest" name="testListClientExample" time="0.005" />
  <system-out><![CDATA[]]></system-out>
  <system-err><![CDATA[]]></system-err>
</testsuite>
